<?xml version="1.0" encoding="UTF-8"?>
<!-- Generated by org.testng.reporters.JUnitXMLReporter -->
<testsuite ignored="0" hostname="venkatas-MacBook-Pro.local" failures="0" tests="6" name="ChromeTest" time="30.294" errors="0" timestamp="2025-09-01T13:01:32 IST">
  <testcase classname="Tests.Login_6" name="testScrollDownUsingKeyboardOnLoginPage" time="2.825"/>
  <testcase classname="Tests.Login_6" name="testScrollDownUsingMouseClickOnLoginPage" time="1.934"/>
  <testcase classname="Tests.Login_6" name="testScrollDownUsingMouseScrollOnLoginPage" time="2.328"/>
  <testcase classname="Tests.Login_6" name="testScrollUpUsingKeyboardOnLoginPage" time="1.913"/>
  <testcase classname="Tests.Login_6" name="testScrollUpUsingMouseClickOnLoginPage" time="1.984"/>
  <testcase classname="Tests.Login_6" name="testScrollUpUsingMouseScrollOnLoginPage" time="2.381"/>
</testsuite> <!-- ChromeTest -->
