<?xml version="1.0" encoding="UTF-8"?>
<testng-results ignored="9" total="10" passed="1" failed="0" skipped="0">
  <reporter-output>
  </reporter-output>
  <suite started-at="2025-09-15T13:45:32 IST" name="Default suite" finished-at="2025-09-15T13:45:38 IST" duration-ms="6225">
    <groups>
    </groups>
    <test started-at="2025-09-15T13:45:32 IST" name="Default test" finished-at="2025-09-15T13:45:38 IST" duration-ms="6225">
      <class name="Tests.Product_Func_2">
        <test-method is-config="true" signature="setUp(java.lang.String,java.lang.reflect.Method)[pri:0, instance:Tests.Product_Func_2@61322f9d]" started-at="2025-09-15T13:45:32 IST" name="setUp" finished-at="2025-09-15T13:45:34 IST" duration-ms="1978" status="PASS">
          <params>
            <param index="0">
              <value>
                <![CDATA[chrome]]>
              </value>
            </param>
            <param index="1">
              <value>
                <![CDATA[public void Tests.Product_Func_2.TC_ECOM_Product_021_ValidNameField() throws java.lang.Exception]]>
              </value>
            </param>
          </params>
          <reporter-output>
          </reporter-output>
        </test-method> <!-- setUp -->
        <test-method signature="TC_ECOM_Product_021_ValidNameField()[pri:0, instance:Tests.Product_Func_2@61322f9d]" started-at="2025-09-15T13:45:34 IST" name="TC_ECOM_Product_021_ValidNameField" finished-at="2025-09-15T13:45:38 IST" duration-ms="3553" status="PASS">
          <reporter-output>
          </reporter-output>
        </test-method> <!-- TC_ECOM_Product_021_ValidNameField -->
        <test-method is-config="true" signature="tearDown(org.testng.ITestResult)[pri:0, instance:Tests.Product_Func_2@61322f9d]" started-at="2025-09-15T13:45:38 IST" name="tearDown" finished-at="2025-09-15T13:45:38 IST" duration-ms="645" status="PASS">
          <params>
            <param index="0">
              <value>
                <![CDATA[[TestResult name=TC_ECOM_Product_021_ValidNameField status=SUCCESS method=Product_Func_2.TC_ECOM_Product_021_ValidNameField()[pri:0, instance:Tests.Product_Func_2@61322f9d] output={null}]]]>
              </value>
            </param>
          </params>
          <reporter-output>
          </reporter-output>
        </test-method> <!-- tearDown -->
      </class> <!-- Tests.Product_Func_2 -->
    </test> <!-- Default test -->
  </suite> <!-- Default suite -->
</testng-results>
